Microsoft HTML Help Compiler 4.74.8702

Compiling c:\Documents and Settings\bortiz\Desktop\cs423\paintdotnet\src\chm\PaintDotNet.chm


Compile time: 0 minutes, 4 seconds
69	Topics
264	Local links
0	Internet links
128	Graphics


Created c:\Documents and Settings\bortiz\Desktop\cs423\paintdotnet\src\chm\PaintDotNet.chm, 2,288,591 bytes
Compression decreased file by 796,383 bytes.
Microsoft HTML Help Compiler 4.74.8702

Compiling c:\Documents and Settings\bortiz\Desktop\cs423\paintdotnet\src\chm\PaintDotNet.chm


Compile time: 0 minutes, 4 seconds
69	Topics
264	Local links
0	Internet links
128	Graphics


Created c:\Documents and Settings\bortiz\Desktop\cs423\paintdotnet\src\chm\PaintDotNet.chm, 2,288,591 bytes
Compression decreased file by 796,383 bytes.
Microsoft HTML Help Compiler 4.74.8702

Compiling c:\Documents and Settings\bortiz\Desktop\cs423\paintdotnet\src\chm\PaintDotNet.chm


Compile time: 0 minutes, 5 seconds
69	Topics
264	Local links
0	Internet links
132	Graphics


Created c:\Documents and Settings\bortiz\Desktop\cs423\paintdotnet\src\chm\PaintDotNet.chm, 2,336,871 bytes
Compression decreased file by 811,384 bytes.
Microsoft HTML Help Compiler 4.74.8702

Compiling c:\Documents and Settings\bortiz\Desktop\cs423\paintdotnet\src\chm\PaintDotNet.chm


Compile time: 0 minutes, 4 seconds
69	Topics
264	Local links
0	Internet links
133	Graphics


Created c:\Documents and Settings\bortiz\Desktop\cs423\paintdotnet\src\chm\PaintDotNet.chm, 2,371,003 bytes
Compression decreased file by 803,897 bytes.
Microsoft HTML Help Compiler 4.74.8702

Compiling c:\Documents and Settings\bortiz\Desktop\cs423\paintdotnet\src\chm\PaintDotNet.chm


Compile time: 0 minutes, 4 seconds
69	Topics
264	Local links
0	Internet links
138	Graphics


Created c:\Documents and Settings\bortiz\Desktop\cs423\paintdotnet\src\chm\PaintDotNet.chm, 2,442,323 bytes
Compression decreased file by 817,396 bytes.
Microsoft HTML Help Compiler 4.74.8702

Compiling c:\Documents and Settings\bortiz\Desktop\cs423\paintdotnet\src\chm\PaintDotNet.chm


Compile time: 0 minutes, 4 seconds
69	Topics
264	Local links
0	Internet links
144	Graphics


Created c:\Documents and Settings\bortiz\Desktop\cs423\paintdotnet\src\chm\PaintDotNet.chm, 2,491,703 bytes
Compression decreased file by 830,859 bytes.
